<?xml version="1.0" encoding="UTF-8"?>
<testsuite xmlns:xsi="http://www.w3.org/2001/XMLSchema-instance" xsi:noNamespaceSchemaLocation="https://maven.apache.org/surefire/maven-surefire-plugin/xsd/surefire-test-report.xsd" version="3.0.2" name="Register user on automation exercise" time="12.034" tests="1" errors="0" skipped="0" failures="0">
  <properties>
[...]
</properties>
  <testcase name="Logout user positive scenario" classname="Register user on automation exercise" time="12.034">
    <system-out><![CDATA[
@TestFeature @LogoutUser @smokeTest
Scenario Outline: Logout user positive scenario                                &amp#27;[90m# src/test/resources/features/RegisterUser.feature:58&amp#27;[0m
Hooks before executed-----------------------------------------
  &amp#27;[32mThen &amp#27;[0m&amp#27;[32mVerify that home page is visible successfully&amp#27;[0m                           &amp#27;[90m# stepDefinitions.HomePageSteps.verifyThatHomePageIsVisibleSuccessfully()&amp#27;[0m
  &amp#27;[32mAnd &amp#27;[0m&amp#27;[32mClick on &amp#27;[0m&amp#27;[32m&amp#27;[1m'Signup / Login'&amp#27;[0m&amp#27;[32m button&amp#27;[0m                                         &amp#27;[90m# stepDefinitions.HomePageSteps.clickOnSignupLoginButton(java.lang.String)&amp#27;[0m
  &amp#27;[32mThen &amp#27;[0m&amp#27;[32mVerify &amp#27;[0m&amp#27;[32m&amp#27;[1m'Login to your account'&amp#27;[0m&amp#27;[32m is visible on login page&amp#27;[0m                 &amp#27;[90m# stepDefinitions.LoginPageSteps.verifyLoginToYourAccountIsVisibleOnLoginPage(java.lang.String)&amp#27;[0m
  &amp#27;[32mThen &amp#27;[0m&amp#27;[32mEnter email address &amp#27;[0m&amp#27;[32m&amp#27;[1m'abc@ghj.mm'&amp#27;[0m&amp#27;[32m and password &amp#27;[0m&amp#27;[32m&amp#27;[1m'Test@1234'&amp#27;[0m&amp#27;[32m on login page&amp#27;[0m &amp#27;[90m# stepDefinitions.LoginPageSteps.enterEmailAddressEmailAndPasswordPasswordOnLoginPage(java.lang.String,java.lang.String)&amp#27;[0m
  &amp#27;[32mThen &amp#27;[0m&amp#27;[32mClick &amp#27;[0m&amp#27;[32m&amp#27;[1m'login'&amp#27;[0m&amp#27;[32m button on login button&amp#27;[0m                                    &amp#27;[90m# stepDefinitions.LoginPageSteps.clickLoginButtonOnLoginButton(java.lang.String)&amp#27;[0m
  &amp#27;[32mAnd &amp#27;[0m&amp#27;[32mVerify that &amp#27;[0m&amp#27;[32m&amp#27;[1m'Logged in as Dheeraj'&amp#27;[0m&amp#27;[32m is visible on account page&amp#27;[0m            &amp#27;[90m# stepDefinitions.AccountHomePageSteps.verifyThatLoggedInAsUsernameIsVisibleOnAccountPage(java.lang.String)&amp#27;[0m
  &amp#27;[32mAnd &amp#27;[0m&amp#27;[32mClick &amp#27;[0m&amp#27;[32m&amp#27;[1m'Logout'&amp#27;[0m&amp#27;[32m button&amp#27;[0m                                                    &amp#27;[90m# stepDefinitions.AccountHomePageSteps.clickLogoutButton(java.lang.String)&amp#27;[0m
  &amp#27;[32mThen &amp#27;[0m&amp#27;[32mVerify &amp#27;[0m&amp#27;[32m&amp#27;[1m'Login to your account'&amp#27;[0m&amp#27;[32m is visible on login page&amp#27;[0m                 &amp#27;[90m# stepDefinitions.LoginPageSteps.verifyLoginToYourAccountIsVisibleOnLoginPage(java.lang.String)&amp#27;[0m
Hooks After executed-----------------------------------------
]]></system-out>
    <system-err><![CDATA[May 18, 2025 9:01:18 PM org.openqa.selenium.devtools.CdpVersionFinder findNearestMatch
WARNING: Unable to find CDP implementation matching 136
May 18, 2025 9:01:18 PM org.openqa.selenium.chromium.ChromiumDriver lambda$new$5
WARNING: Unable to find version of CDP to use for 136.0.7103.114. You may need to include a dependency on a specific version of the CDP using something similar to `org.seleniumhq.selenium:selenium-devtools-v86:4.18.0` where the version ("v86") matches the version of the chromium-based browser you're using and the version number of the artifact is the same as Selenium's.
]]></system-err>
  </testcase>
</testsuite>